<?xml version="1.0" encoding="UTF-8"?>
<!-- Generated by org.testng.reporters.JUnitReportReporter -->
<testsuite hostname="DESKTOP-RKOMUFV" failures="0" tests="3" name="com.runner.TestRunner" time="74.292" errors="0" timestamp="2021-09-03T14:11:07 IST" skipped="0">
  <testcase classname="com.runner.TestRunner" name="runScenario" time="30.283"/>
  <system-out/>
  <testcase classname="com.runner.TestRunner" name="runScenario" time="21.501"/>
  <system-out/>
  <testcase classname="com.runner.TestRunner" name="runScenario" time="22.508"/>
  <system-out/>
</testsuite> <!-- com.runner.TestRunner -->
